d:\шаг\2 семестр\vs домашки\экзамен\экзамен 31.01.18\consoleapplication1\consoleapplication1\debug\consoleapplication1.pch
d:\шаг\2 семестр\vs домашки\экзамен\экзамен 31.01.18\consoleapplication1\consoleapplication1\debug\vc141.pdb
d:\шаг\2 семестр\vs домашки\экзамен\экзамен 31.01.18\consoleapplication1\consoleapplication1\debug\vc141.idb
d:\шаг\2 семестр\vs домашки\экзамен\экзамен 31.01.18\consoleapplication1\consoleapplication1\debug\stdafx.obj
d:\шаг\2 семестр\vs домашки\экзамен\экзамен 31.01.18\consoleapplication1\consoleapplication1\debug\consoleapplication1.obj
d:\шаг\2 семестр\vs домашки\экзамен\экзамен 31.01.18\consoleapplication1\consoleapplication1\debug\question.obj
d:\шаг\2 семестр\vs домашки\экзамен\экзамен 31.01.18\consoleapplication1\consoleapplication1\debug\test.obj
d:\шаг\2 семестр\vs домашки\экзамен\1\consoleapplication1\consoleapplication1\debug\consoleapplication1.pch
d:\шаг\2 семестр\vs домашки\экзамен\1\consoleapplication1\consoleapplication1\debug\vc141.pdb
d:\шаг\2 семестр\vs домашки\экзамен\1\consoleapplication1\consoleapplication1\debug\vc141.idb
d:\шаг\2 семестр\vs домашки\экзамен\1\consoleapplication1\consoleapplication1\debug\stdafx.obj
d:\шаг\2 семестр\vs домашки\экзамен\1\consoleapplication1\consoleapplication1\debug\consoleapplication1.obj
d:\шаг\2 семестр\vs домашки\экзамен\1\consoleapplication1\consoleapplication1\debug\question.obj
d:\шаг\2 семестр\vs домашки\экзамен\1\consoleapplication1\consoleapplication1\debug\test.obj
d:\шаг\2 семестр\vs домашки\экзамен\экзамен 31.01.18\consoleapplication1\debug\consoleapplication1.ilk
d:\шаг\2 семестр\vs домашки\экзамен\экзамен 31.01.18\consoleapplication1\debug\consoleapplication1.exe
d:\шаг\2 семестр\vs домашки\экзамен\экзамен 31.01.18\consoleapplication1\debug\consoleapplication1.pdb
d:\шаг\2 семестр\vs домашки\экзамен\1\consoleapplication1\debug\consoleapplication1.exe
d:\шаг\2 семестр\vs домашки\экзамен\1\consoleapplication1\debug\consoleapplication1.ilk
d:\шаг\2 семестр\vs домашки\экзамен\1\consoleapplication1\debug\consoleapplication1.pdb
d:\шаг\2 семестр\vs домашки\экзамен\1\consoleapplication1\consoleapplication1\debug\consolea.c76fb5f9.tlog\cl.command.1.tlog
d:\шаг\2 семестр\vs домашки\экзамен\1\consoleapplication1\consoleapplication1\debug\consolea.c76fb5f9.tlog\cl.read.1.tlog
d:\шаг\2 семестр\vs домашки\экзамен\1\consoleapplication1\consoleapplication1\debug\consolea.c76fb5f9.tlog\cl.write.1.tlog
d:\шаг\2 семестр\vs домашки\экзамен\1\consoleapplication1\consoleapplication1\debug\consolea.c76fb5f9.tlog\link.command.1.tlog
d:\шаг\2 семестр\vs домашки\экзамен\1\consoleapplication1\consoleapplication1\debug\consolea.c76fb5f9.tlog\link.read.1.tlog
d:\шаг\2 семестр\vs домашки\экзамен\1\consoleapplication1\consoleapplication1\debug\consolea.c76fb5f9.tlog\link.write.1.tlog
